<?xml version="1.0" encoding="UTF-8"?>
<!-- Generated by org.testng.reporters.JUnitReportReporter -->
<testsuite skipped="0" hostname="DESKTOP-T802UIE" name="sun.seol.FirstLim" tests="2" failures="0" timestamp="10 Oct 2018 11:44:35 GMT" time="0.012" errors="0">
  <testcase name="m2" time="0.001" classname="sun.seol.FirstLim"/>
  <testcase name="m1" time="0.011" classname="sun.seol.FirstLim"/>
</testsuite> <!-- sun.seol.FirstLim -->
